\BOOKMARK [-1][-]{part.1}{Analyse du projet}{}% 1
\BOOKMARK [0][-]{chapter.1}{Introduction}{part.1}% 2
\BOOKMARK [1][-]{section.1.1}{Objectif g\351n\351ral du projet}{chapter.1}% 3
\BOOKMARK [1][-]{section.1.2}{Objectifs \340 atteindre}{chapter.1}% 4
\BOOKMARK [-1][-]{part.2}{Cahier des charges}{}% 5
\BOOKMARK [0][-]{section.1.3}{Sp\351cifications}{part.2}% 6
\BOOKMARK [1][-]{subsection.1.3.1}{Sp\351cification des param\350tres de simulation}{section.1.3}% 7
\BOOKMARK [2][-]{subsection.1.3.2}{Contraintes techniques}{subsection.1.3.1}% 8
\BOOKMARK [1][-]{section.1.4}{Choix techniques}{section.1.3}% 9
\BOOKMARK [2][-]{subsection.1.4.1}{Sch\351mas de conception}{section.1.4}% 10
\BOOKMARK [2][-]{subsection.1.4.2}{Langages utilis\351s}{section.1.4}% 11
\BOOKMARK [2][-]{subsection.1.4.3}{Acc\350s au code source}{section.1.4}% 12
\BOOKMARK [-1][-]{part.3}{Historique des travaux r\351alis\351s}{}% 13
\BOOKMARK [0][-]{section.1.5}{Outils de programmation}{part.3}% 14
\BOOKMARK [1][-]{section.1.6}{Biblioth\350ques utilis\351es}{section.1.5}% 15
\BOOKMARK [2][-]{subsection.1.6.1}{Module simulation}{section.1.6}% 16
\BOOKMARK [2][-]{subsection.1.6.2}{Module analyse}{section.1.6}% 17
\BOOKMARK [1][-]{section.1.7}{Interface}{section.1.5}% 18
\BOOKMARK [-1][-]{part.4}{R\351alisation}{}% 19
\BOOKMARK [0][-]{chapter.2}{Simulateur}{part.4}% 20
\BOOKMARK [1][-]{section.2.1}{N\351cessit\351s}{chapter.2}% 21
\BOOKMARK [1][-]{section.2.2}{Probl\350me}{chapter.2}% 22
\BOOKMARK [1][-]{section.2.3}{Approches possibles}{chapter.2}% 23
\BOOKMARK [1][-]{section.2.4}{Approche utilis\351e}{chapter.2}% 24
\BOOKMARK [1][-]{section.2.5}{Remarques sur les r\351sultats obtenus}{chapter.2}% 25
\BOOKMARK [1][-]{section.2.6}{Pistes d'am\351lioration}{chapter.2}% 26
\BOOKMARK [0][-]{chapter.3}{Mod\350le de jeu}{part.4}% 27
\BOOKMARK [0][-]{chapter.4}{Intelligence Artificielle - Heuristique}{part.4}% 28
\BOOKMARK [0][-]{chapter.5}{Analyse - Exploration}{part.4}% 29
\BOOKMARK [1][-]{section.5.1}{N\351cessit\351s}{chapter.5}% 30
\BOOKMARK [1][-]{section.5.2}{Probl\350me}{chapter.5}% 31
\BOOKMARK [1][-]{section.5.3}{Approche utilis\351e}{chapter.5}% 32
\BOOKMARK [1][-]{section.5.4}{Remarques sur les r\351sultats obtenus}{chapter.5}% 33
\BOOKMARK [1][-]{section.5.5}{Pistes d'am\351lioration}{chapter.5}% 34
\BOOKMARK [-1][-]{part.5}{Analyse des donn\351es g\351n\351r\351es}{}% 35
\BOOKMARK [0][-]{chapter.6}{Analyse des donn\351es de l'IA}{part.5}% 36
\BOOKMARK [1][-]{section.6.1}{Analyse d'ensemble}{chapter.6}% 37
\BOOKMARK [1][-]{section.6.2}{Analyses d\351taill\351es}{chapter.6}% 38
\BOOKMARK [2][-]{subsection.6.2.1}{R\351partitions des pourcentages de victoires}{section.6.2}% 39
\BOOKMARK [2][-]{subsection.6.2.2}{D\351coupage du spectre selon des intervalles de C}{section.6.2}% 40
\BOOKMARK [2][-]{subsection.6.2.3}{D\351coupage du spectre selon des intervalles de Dc}{section.6.2}% 41
\BOOKMARK [2][-]{subsection.6.2.4}{D\351coupage du spectre selon des intervalles de Ds}{section.6.2}% 42
\BOOKMARK [2][-]{subsection.6.2.5}{D\351coupage du spectre selon des intervalles de l'aire M*N}{section.6.2}% 43
\BOOKMARK [2][-]{subsection.6.2.6}{D\351coupage du spectre selon des intervalles de la diff\351rence de niveau}{section.6.2}% 44
\BOOKMARK [2][-]{subsection.6.2.7}{Conclusions d'analyse}{section.6.2}% 45
\BOOKMARK [0][-]{chapter.7}{Analyse des donn\351es du mod\350le}{part.5}% 46
\BOOKMARK [1][-]{section.7.1}{Analyse d'ensemble}{chapter.7}% 47
\BOOKMARK [1][-]{section.7.2}{Analyses d\351taill\351es}{chapter.7}% 48
\BOOKMARK [2][-]{subsection.7.2.1}{R\351partitions des pourcentages de victoires}{section.7.2}% 49
\BOOKMARK [2][-]{subsection.7.2.2}{D\351coupage du spectre selon des intervalles de C}{section.7.2}% 50
\BOOKMARK [2][-]{subsection.7.2.3}{D\351coupage du spectre selon des intervalles de Dc}{section.7.2}% 51
\BOOKMARK [2][-]{subsection.7.2.4}{D\351coupage du spectre selon des intervalles de Ds}{section.7.2}% 52
\BOOKMARK [2][-]{subsection.7.2.5}{D\351coupage du spectre selon des intervalles de l'aire M*N}{section.7.2}% 53
\BOOKMARK [2][-]{subsection.7.2.6}{D\351coupage du spectre selon des intervalles de la diff\351rence de niveau}{section.7.2}% 54
\BOOKMARK [2][-]{subsection.7.2.7}{Conclusions d'analyse}{section.7.2}% 55
\BOOKMARK [-1][-]{part.6}{Probl\350mes, tests et exp\351rimentations}{}% 56
\BOOKMARK [0][-]{chapter.8}{Probl\350mes rencontr\351s}{part.6}% 57
\BOOKMARK [0][-]{chapter.9}{Conclusion}{part.6}% 58
\BOOKMARK [-1][-]{part.7}{Annexes}{}% 59
\BOOKMARK [0][-]{chapter.10}{Analyse - Simulation}{part.7}% 60
\BOOKMARK [1][-]{section.10.1}{N\351cessit\351s}{chapter.10}% 61
\BOOKMARK [1][-]{section.10.2}{Probl\350me}{chapter.10}% 62
\BOOKMARK [1][-]{section.10.3}{Approches possibles}{chapter.10}% 63
\BOOKMARK [1][-]{section.10.4}{Approche utilis\351e}{chapter.10}% 64
\BOOKMARK [1][-]{section.10.5}{Remarques sur les r\351sultats obtenus}{chapter.10}% 65
\BOOKMARK [1][-]{section.10.6}{Ordre de grandeur de la diff\351rence de vitesse de calcul}{chapter.10}% 66
\BOOKMARK [2][-]{subsection.10.6.1}{Mod\350le IA}{section.10.6}% 67
\BOOKMARK [2][-]{subsection.10.6.2}{Mod\350le simul\351}{section.10.6}% 68
\BOOKMARK [2][-]{subsection.10.6.3}{Comparaison des deux mod\350les}{section.10.6}% 69
\BOOKMARK [1][-]{section.10.7}{Pistes d'am\351lioration}{chapter.10}% 70
